<?xml version="1.0" encoding="UTF-8"?>
<testng-results skipped="0" failed="0" ignored="0" total="2" passed="2">
  <reporter-output>
  </reporter-output>
  <suite name="Suite" duration-ms="51679" started-at="2020-01-07T09:42:26Z" finished-at="2020-01-07T09:43:18Z">
    <groups>
    </groups>
    <test name="Test" duration-ms="51679" started-at="2020-01-07T09:42:26Z" finished-at="2020-01-07T09:43:18Z">
      <class name="tests.CreatAccount">
        <test-method status="PASS" signature="Register_Account()[pri:0, instance:tests.CreatAccount@5b275dab]" name="Register_Account" duration-ms="21519" started-at="2020-01-07T09:42:26Z" finished-at="2020-01-07T09:42:48Z">
          <reporter-output>
          </reporter-output>
        </test-method> <!-- Register_Account -->
      </class> <!-- tests.CreatAccount -->
      <class name="tests.UserLoginAccount">
        <test-method status="PASS" signature="User_Login()[pri:0, instance:tests.UserLoginAccount@3ffc5af1]" name="User_Login" duration-ms="30098" started-at="2020-01-07T09:42:48Z" finished-at="2020-01-07T09:43:18Z">
          <reporter-output>
          </reporter-output>
        </test-method> <!-- User_Login -->
      </class> <!-- tests.UserLoginAccount -->
    </test> <!-- Test -->
  </suite> <!-- Suite -->
</testng-results>
